<?xml version="1.0"?>
<cache-config xmlns:xsi="http://www.w3.org/2001/XMLSchema-instance"
              xmlns="http://xmlns.oracle.com/coherence/coherence-cache-config"
              xsi:schemaLocation="http://xmlns.oracle.com/coherence/coherence-cache-config coherence-cache-config.xsd
                                  class://com.oracle.coherence.spring.SpringNamespaceHandler coherence-spring-config.xsd"
              xmlns:spring="class://com.oracle.coherence.spring.SpringNamespaceHandler">

	<!--<spring:bean-factory>-->
		<!--<spring:application-context-uri>test-app-context.xml</spring:application-context-uri>-->
	<!--</spring:bean-factory>-->

	<caching-scheme-mapping>
		<cache-mapping>
			<cache-name>TestItem</cache-name>
			<scheme-name>remote-cache</scheme-name>
		</cache-mapping>
		<cache-mapping>
			<cache-name>TestItemNear</cache-name>
			<scheme-name>near-cache</scheme-name>
		</cache-mapping>
		<cache-mapping>
			<cache-name>TestItemNearAll</cache-name>
			<scheme-name>near-cache-all</scheme-name>
		</cache-mapping>
		<cache-mapping>
			<cache-name>BigItem</cache-name>
			<scheme-name>remote-cache</scheme-name>
		</cache-mapping>
	</caching-scheme-mapping>

	<caching-schemes>
		<near-scheme>
			<scheme-name>near-cache</scheme-name>
			<front-scheme>
				<local-scheme>
					<scheme-ref>local-cache</scheme-ref>
				</local-scheme>
			</front-scheme>
			<back-scheme>
				<remote-cache-scheme>
					<scheme-ref>remote-cache</scheme-ref>
				</remote-cache-scheme>
			</back-scheme>
		</near-scheme>

		<near-scheme>
			<scheme-name>near-cache-all</scheme-name>
			<front-scheme>
				<local-scheme>
					<scheme-ref>local-cache</scheme-ref>
				</local-scheme>
			</front-scheme>
			<back-scheme>
				<remote-cache-scheme>
					<scheme-ref>remote-cache</scheme-ref>
				</remote-cache-scheme>
			</back-scheme>
			<invalidation-strategy>all</invalidation-strategy>
		</near-scheme>

		<distributed-scheme>
			<scheme-name>distributed-cache</scheme-name>
			<service-name>distributed-cache-service</service-name>
			<serializer>
				<instance>
					<class-name>com.tangosol.io.pof.SafeConfigurablePofContext</class-name>
					<init-params>
						<init-param>
							<param-type>String</param-type>
							<param-value>test-pof-config.xml</param-value>
						</init-param>
					</init-params>
				</instance>
			</serializer>
			<autostart>true</autostart>
		</distributed-scheme>

		<remote-cache-scheme>
			<scheme-name>remote-cache</scheme-name>
			<service-name>remote-service</service-name>
			<initiator-config>
				<tcp-initiator>
					<remote-addresses>
						<socket-address>
							<address system-property="tangosol.coherence.extend.address">localhost</address>
							<port>9099</port>
						</socket-address>
						<socket-address>
							<address system-property="tangosol.coherence.extend.address">localhost</address>
							<port>9100</port>
						</socket-address>
					</remote-addresses>
				</tcp-initiator>
				<outgoing-message-handler>
					<request-timeout>5s</request-timeout>
				</outgoing-message-handler>
				<serializer>
					<instance>
						<class-name>com.tangosol.io.pof.SafeConfigurablePofContext</class-name>
						<init-params>
							<init-param>
								<param-type>String</param-type>
								<param-value>test-pof-config.xml</param-value>
							</init-param>
						</init-params>
					</instance>
				</serializer>
				<connect-timeout>10s</connect-timeout>
			</initiator-config>
		</remote-cache-scheme>

		<local-scheme>
			<scheme-name>local-cache</scheme-name>
			<eviction-policy>HYBRID</eviction-policy>
			<high-units>20000</high-units>
			<unit-calculator>FIXED</unit-calculator>
			<expiry-delay>1h</expiry-delay>
		</local-scheme>
	</caching-schemes>
</cache-config>
